<?xml version="1.0" encoding="UTF-8"?>
<coverage generated="1777489366020" clover="3.2.0">
  <project timestamp="1777489366020" name="All files">
    <metrics statements="49" coveredstatements="45" conditionals="30" coveredconditionals="21" methods="14" coveredmethods="13" elements="93" coveredelements="79" complexity="0" loc="49" ncloc="49" packages="2" files="3" classes="3"/>
    <package name="src">
      <metrics statements="47" coveredstatements="43" conditionals="30" coveredconditionals="21" methods="13" coveredmethods="12"/>
      <file name="health.ts" path="/root/.openclaw/vibex/packages/mcp-server/src/health.ts">
        <metrics statements="19" coveredstatements="17" conditionals="9" coveredconditionals="5" methods="3" coveredmethods="3"/>
        <line num="8" count="1" type="stmt"/>
        <line num="33" count="1" type="stmt"/>
        <line num="36" count="1" type="stmt"/>
        <line num="46" count="1" type="cond" truecount="1" falsecount="0"/>
        <line num="47" count="5" type="stmt"/>
        <line num="50" count="5" type="stmt"/>
        <line num="51" count="5" type="stmt"/>
        <line num="57" count="0" type="stmt"/>
        <line num="65" count="5" type="stmt"/>
        <line num="66" count="5" type="stmt"/>
        <line num="67" count="5" type="stmt"/>
        <line num="68" count="5" type="stmt"/>
        <line num="69" count="5" type="stmt"/>
        <line num="70" count="35" type="stmt"/>
        <line num="71" count="5" type="stmt"/>
        <line num="77" count="0" type="stmt"/>
        <line num="85" count="10" type="stmt"/>
        <line num="87" count="5" type="cond" truecount="1" falsecount="3"/>
        <line num="89" count="5" type="stmt"/>
      </file>
      <file name="logger.ts" path="/root/.openclaw/vibex/packages/mcp-server/src/logger.ts">
        <metrics statements="28" coveredstatements="26" conditionals="21" coveredconditionals="16" methods="10" coveredmethods="9"/>
        <line num="24" count="1" type="cond" truecount="2" falsecount="0"/>
        <line num="26" count="1" type="stmt"/>
        <line num="34" count="6" type="stmt"/>
        <line num="40" count="1" type="stmt"/>
        <line num="47" count="6" type="stmt"/>
        <line num="48" count="6" type="stmt"/>
        <line num="49" count="101" type="cond" truecount="2" falsecount="0"/>
        <line num="50" count="7" type="stmt"/>
        <line num="51" count="10" type="cond" truecount="5" falsecount="0"/>
        <line num="52" count="1" type="stmt"/>
        <line num="54" count="9" type="stmt"/>
        <line num="57" count="6" type="stmt"/>
        <line num="61" count="8" type="cond" truecount="2" falsecount="0"/>
        <line num="62" count="8" type="stmt"/>
        <line num="73" count="8" type="stmt"/>
        <line num="74" count="8" type="cond" truecount="2" falsecount="0"/>
        <line num="75" count="1" type="stmt"/>
        <line num="77" count="7" type="stmt"/>
        <line num="84" count="1" type="stmt"/>
        <line num="86" count="0" type="cond" truecount="0" falsecount="2"/>
        <line num="87" count="0" type="stmt"/>
        <line num="92" count="4" type="cond" truecount="1" falsecount="1"/>
        <line num="93" count="4" type="stmt"/>
        <line num="98" count="1" type="cond" truecount="1" falsecount="1"/>
        <line num="99" count="1" type="stmt"/>
        <line num="104" count="1" type="cond" truecount="1" falsecount="1"/>
        <line num="105" count="1" type="stmt"/>
        <line num="111" count="2" type="stmt"/>
      </file>
    </package>
    <package name="src.tools">
      <metrics statements="2" coveredstatements="2" conditionals="0" coveredconditionals="0" methods="1" coveredmethods="1"/>
      <file name="list.ts" path="/root/.openclaw/vibex/packages/mcp-server/src/tools/list.ts">
        <metrics statements="2" coveredstatements="2" conditionals="0" coveredconditionals="0" methods="1" coveredmethods="1"/>
        <line num="9" count="1" type="stmt"/>
        <line num="10" count="5" type="stmt"/>
      </file>
    </package>
  </project>
</coverage>
