{"/root/.openclaw/vibex/packages/mcp-server/src/health.ts": {"path":"/root/.openclaw/vibex/packages/mcp-server/src/health.ts","statementMap":{"0":{"start":{"line":46,"column":0},"end":{"line":46,"column":7}},"1":{"start":{"line":8,"column":0},"end":{"line":8,"column":44}},"2":{"start":{"line":33,"column":24},"end":{"line":33,"column":34}},"3":{"start":{"line":36,"column":24},"end":{"line":36,"column":31}},"4":{"start":{"line":47,"column":46},"end":{"line":47,"column":48}},"5":{"start":{"line":50,"column":2},"end":{"line":62,"column":3}},"6":{"start":{"line":51,"column":4},"end":{"line":55,"column":7}},"7":{"start":{"line":57,"column":4},"end":{"line":61,"column":7}},"8":{"start":{"line":65,"column":24},"end":{"line":65,"column":25}},"9":{"start":{"line":66,"column":28},"end":{"line":66,"column":30}},"10":{"start":{"line":67,"column":2},"end":{"line":82,"column":3}},"11":{"start":{"line":68,"column":18},"end":{"line":68,"column":29}},"12":{"start":{"line":69,"column":4},"end":{"line":69,"column":35}},"13":{"start":{"line":70,"column":4},"end":{"line":70,"column":41}},"14":{"start":{"line":70,"column":33},"end":{"line":70,"column":39}},"15":{"start":{"line":71,"column":4},"end":{"line":75,"column":7}},"16":{"start":{"line":77,"column":4},"end":{"line":81,"column":7}},"17":{"start":{"line":85,"column":23},"end":{"line":85,"column":71}},"18":{"start":{"line":85,"column":44},"end":{"line":85,"column":63}},"19":{"start":{"line":87,"column":4},"end":{"line":87,"column":82}},"20":{"start":{"line":89,"column":2},"end":{"line":101,"column":4}}},"fnMap":{"0":{"name":"performHealthCheck","decl":{"start":{"line":46,"column":22},"end":{"line":46,"column":40}},"loc":{"start":{"line":46,"column":73},"end":{"line":102,"column":1}}},"1":{"name":"(anonymous_1)","decl":{"start":{"line":70,"column":26},"end":{"line":70,"column":27}},"loc":{"start":{"line":70,"column":33},"end":{"line":70,"column":39}}},"2":{"name":"(anonymous_2)","decl":{"start":{"line":85,"column":37},"end":{"line":85,"column":38}},"loc":{"start":{"line":85,"column":44},"end":{"line":85,"column":63}}}},"branchMap":{"0":{"loc":{"start":{"line":46,"column":41},"end":{"line":46,"column":73}},"type":"default-arg","locations":[{"start":{"line":46,"column":71},"end":{"line":46,"column":73}}]},"1":{"loc":{"start":{"line":73,"column":14},"end":{"line":73,"column":51}},"type":"cond-expr","locations":[{"start":{"line":73,"column":36},"end":{"line":73,"column":42}},{"start":{"line":73,"column":45},"end":{"line":73,"column":51}}]},"2":{"loc":{"start":{"line":87,"column":4},"end":{"line":87,"column":82}},"type":"cond-expr","locations":[{"start":{"line":87,"column":25},"end":{"line":87,"column":34}},{"start":{"line":87,"column":37},"end":{"line":87,"column":82}}]},"3":{"loc":{"start":{"line":87,"column":37},"end":{"line":87,"column":82}},"type":"cond-expr","locations":[{"start":{"line":87,"column":58},"end":{"line":87,"column":68}},{"start":{"line":87,"column":71},"end":{"line":87,"column":82}}]},"4":{"loc":{"start":{"line":92,"column":13},"end":{"line":92,"column":53}},"type":"binary-expr","locations":[{"start":{"line":92,"column":13},"end":{"line":92,"column":34}},{"start":{"line":92,"column":38},"end":{"line":92,"column":53}}]}},"s":{"0":1,"1":1,"2":1,"3":1,"4":5,"5":5,"6":5,"7":0,"8":5,"9":5,"10":5,"11":5,"12":5,"13":5,"14":35,"15":5,"16":0,"17":5,"18":10,"19":5,"20":5},"f":{"0":5,"1":35,"2":10},"b":{"0":[5],"1":[5,0],"2":[5,0],"3":[0,0],"4":[5,5]}}
,"/root/.openclaw/vibex/packages/mcp-server/src/logger.ts": {"path":"/root/.openclaw/vibex/packages/mcp-server/src/logger.ts","statementMap":{"0":{"start":{"line":24,"column":19},"end":{"line":24,"column":67}},"1":{"start":{"line":26,"column":45},"end":{"line":31,"column":null}},"2":{"start":{"line":34,"column":2},"end":{"line":34,"column":null}},"3":{"start":{"line":40,"column":23},"end":{"line":40,"column":108}},"4":{"start":{"line":47,"column":42},"end":{"line":47,"column":44}},"5":{"start":{"line":48,"column":2},"end":{"line":56,"column":3}},"6":{"start":{"line":49,"column":4},"end":{"line":55,"column":5}},"7":{"start":{"line":49,"column":36},"end":{"line":49,"column":64}},"8":{"start":{"line":50,"column":6},"end":{"line":50,"column":null}},"9":{"start":{"line":51,"column":11},"end":{"line":55,"column":5}},"10":{"start":{"line":52,"column":6},"end":{"line":52,"column":null}},"11":{"start":{"line":54,"column":6},"end":{"line":54,"column":null}},"12":{"start":{"line":57,"column":2},"end":{"line":57,"column":null}},"13":{"start":{"line":61,"column":20},"end":{"line":61,"column":55}},"14":{"start":{"line":62,"column":2},"end":{"line":69,"column":null}},"15":{"start":{"line":73,"column":17},"end":{"line":73,"column":38}},"16":{"start":{"line":74,"column":2},"end":{"line":78,"column":3}},"17":{"start":{"line":75,"column":4},"end":{"line":75,"column":null}},"18":{"start":{"line":77,"column":4},"end":{"line":77,"column":null}},"19":{"start":{"line":84,"column":13},"end":{"line":117,"column":null}},"20":{"start":{"line":86,"column":4},"end":{"line":88,"column":5}},"21":{"start":{"line":87,"column":6},"end":{"line":87,"column":null}},"22":{"start":{"line":92,"column":4},"end":{"line":94,"column":5}},"23":{"start":{"line":93,"column":6},"end":{"line":93,"column":null}},"24":{"start":{"line":98,"column":4},"end":{"line":100,"column":5}},"25":{"start":{"line":99,"column":6},"end":{"line":99,"column":null}},"26":{"start":{"line":104,"column":4},"end":{"line":106,"column":5}},"27":{"start":{"line":105,"column":6},"end":{"line":105,"column":null}},"28":{"start":{"line":111,"column":4},"end":{"line":115,"column":null}}},"fnMap":{"0":{"name":"shouldLog","decl":{"start":{"line":33,"column":9},"end":{"line":33,"column":18}},"loc":{"start":{"line":33,"column":34},"end":{"line":35,"column":1}}},"1":{"name":"sanitize","decl":{"start":{"line":46,"column":9},"end":{"line":46,"column":17}},"loc":{"start":{"line":46,"column":47},"end":{"line":58,"column":1}}},"2":{"name":"(anonymous_2)","decl":{"start":{"line":49,"column":28},"end":{"line":49,"column":29}},"loc":{"start":{"line":49,"column":36},"end":{"line":49,"column":64}}},"3":{"name":"formatLog","decl":{"start":{"line":60,"column":9},"end":{"line":60,"column":18}},"loc":{"start":{"line":60,"column":84},"end":{"line":70,"column":1}}},"4":{"name":"write","decl":{"start":{"line":72,"column":9},"end":{"line":72,"column":14}},"loc":{"start":{"line":72,"column":30},"end":{"line":79,"column":1}}},"5":{"name":"(anonymous_5)","decl":{"start":{"line":85,"column":2},"end":{"line":85,"column":7}},"loc":{"start":{"line":85,"column":56},"end":{"line":89,"column":3}}},"6":{"name":"(anonymous_6)","decl":{"start":{"line":91,"column":2},"end":{"line":91,"column":6}},"loc":{"start":{"line":91,"column":55},"end":{"line":95,"column":3}}},"7":{"name":"(anonymous_7)","decl":{"start":{"line":97,"column":2},"end":{"line":97,"column":6}},"loc":{"start":{"line":97,"column":55},"end":{"line":101,"column":3}}},"8":{"name":"(anonymous_8)","decl":{"start":{"line":103,"column":2},"end":{"line":103,"column":7}},"loc":{"start":{"line":103,"column":56},"end":{"line":107,"column":3}}},"9":{"name":"(anonymous_9)","decl":{"start":{"line":110,"column":2},"end":{"line":110,"column":13}},"loc":{"start":{"line":110,"column":64},"end":{"line":116,"column":3}}}},"branchMap":{"0":{"loc":{"start":{"line":24,"column":19},"end":{"line":24,"column":67}},"type":"binary-expr","locations":[{"start":{"line":24,"column":19},"end":{"line":24,"column":57}},{"start":{"line":24,"column":61},"end":{"line":24,"column":67}}]},"1":{"loc":{"start":{"line":49,"column":4},"end":{"line":55,"column":5}},"type":"if","locations":[{"start":{"line":49,"column":4},"end":{"line":55,"column":5}},{"start":{"line":51,"column":11},"end":{"line":55,"column":5}}]},"2":{"loc":{"start":{"line":51,"column":11},"end":{"line":55,"column":5}},"type":"if","locations":[{"start":{"line":51,"column":11},"end":{"line":55,"column":5}},{"start":{"line":53,"column":11},"end":{"line":55,"column":5}}]},"3":{"loc":{"start":{"line":51,"column":15},"end":{"line":51,"column":62}},"type":"binary-expr","locations":[{"start":{"line":51,"column":15},"end":{"line":51,"column":16}},{"start":{"line":51,"column":20},"end":{"line":51,"column":41}},{"start":{"line":51,"column":45},"end":{"line":51,"column":62}}]},"4":{"loc":{"start":{"line":61,"column":20},"end":{"line":61,"column":55}},"type":"cond-expr","locations":[{"start":{"line":61,"column":28},"end":{"line":61,"column":43}},{"start":{"line":61,"column":46},"end":{"line":61,"column":55}}]},"5":{"loc":{"start":{"line":74,"column":2},"end":{"line":78,"column":3}},"type":"if","locations":[{"start":{"line":74,"column":2},"end":{"line":78,"column":3}},{"start":{"line":76,"column":9},"end":{"line":78,"column":3}}]},"6":{"loc":{"start":{"line":86,"column":4},"end":{"line":88,"column":5}},"type":"if","locations":[{"start":{"line":86,"column":4},"end":{"line":88,"column":5}},{"start":{},"end":{}}]},"7":{"loc":{"start":{"line":92,"column":4},"end":{"line":94,"column":5}},"type":"if","locations":[{"start":{"line":92,"column":4},"end":{"line":94,"column":5}},{"start":{},"end":{}}]},"8":{"loc":{"start":{"line":98,"column":4},"end":{"line":100,"column":5}},"type":"if","locations":[{"start":{"line":98,"column":4},"end":{"line":100,"column":5}},{"start":{},"end":{}}]},"9":{"loc":{"start":{"line":104,"column":4},"end":{"line":106,"column":5}},"type":"if","locations":[{"start":{"line":104,"column":4},"end":{"line":106,"column":5}},{"start":{},"end":{}}]}},"s":{"0":1,"1":1,"2":6,"3":1,"4":6,"5":6,"6":17,"7":101,"8":7,"9":10,"10":1,"11":9,"12":6,"13":8,"14":8,"15":8,"16":8,"17":1,"18":7,"19":1,"20":0,"21":0,"22":4,"23":4,"24":1,"25":1,"26":1,"27":1,"28":2},"f":{"0":6,"1":6,"2":101,"3":8,"4":8,"5":0,"6":4,"7":1,"8":1,"9":2},"b":{"0":[1,1],"1":[7,10],"2":[1,9],"3":[10,9,1],"4":[5,3],"5":[1,7],"6":[0,0],"7":[4,0],"8":[1,0],"9":[1,0]}}
,"/root/.openclaw/vibex/packages/mcp-server/src/tools/list.ts": {"path":"/root/.openclaw/vibex/packages/mcp-server/src/tools/list.ts","statementMap":{"0":{"start":{"line":9,"column":0},"end":{"line":9,"column":16}},"1":{"start":{"line":10,"column":2},"end":{"line":126,"column":4}}},"fnMap":{"0":{"name":"listTools","decl":{"start":{"line":9,"column":16},"end":{"line":9,"column":25}},"loc":{"start":{"line":9,"column":25},"end":{"line":127,"column":1}}}},"branchMap":{},"s":{"0":1,"1":5},"f":{"0":5},"b":{}}
}
