TN:
SF:src/health.ts
FN:39,performHealthCheck
FN:63,(anonymous_1)
FN:78,(anonymous_2)
FNF:3
FNH:3
FNDA:5,performHealthCheck
FNDA:25,(anonymous_1)
FNDA:10,(anonymous_2)
DA:8,1
DA:29,1
DA:39,1
DA:40,5
DA:43,5
DA:44,5
DA:50,0
DA:58,5
DA:59,5
DA:60,5
DA:61,5
DA:62,5
DA:63,25
DA:64,5
DA:70,0
DA:78,10
DA:80,5
DA:82,5
LF:18
LH:16
BRDA:66,0,0,5
BRDA:66,0,1,0
BRDA:80,1,0,5
BRDA:80,1,1,0
BRDA:80,2,0,0
BRDA:80,2,1,0
BRF:6
BRH:2
end_of_record
TN:
SF:src/logger.ts
FN:33,shouldLog
FN:46,sanitize
FN:49,(anonymous_2)
FN:60,formatLog
FN:72,write
FN:85,(anonymous_5)
FN:91,(anonymous_6)
FN:97,(anonymous_7)
FN:103,(anonymous_8)
FN:110,(anonymous_9)
FNF:10
FNH:9
FNDA:6,shouldLog
FNDA:6,sanitize
FNDA:101,(anonymous_2)
FNDA:8,formatLog
FNDA:8,write
FNDA:0,(anonymous_5)
FNDA:4,(anonymous_6)
FNDA:1,(anonymous_7)
FNDA:1,(anonymous_8)
FNDA:2,(anonymous_9)
DA:24,1
DA:26,1
DA:34,6
DA:40,1
DA:47,6
DA:48,6
DA:49,101
DA:50,7
DA:51,10
DA:52,1
DA:54,9
DA:57,6
DA:61,8
DA:62,8
DA:73,8
DA:74,8
DA:75,1
DA:77,7
DA:84,1
DA:86,0
DA:87,0
DA:92,4
DA:93,4
DA:98,1
DA:99,1
DA:104,1
DA:105,1
DA:111,2
LF:28
LH:26
BRDA:24,0,0,1
BRDA:24,0,1,1
BRDA:49,1,0,7
BRDA:49,1,1,10
BRDA:51,2,0,1
BRDA:51,2,1,9
BRDA:51,3,0,10
BRDA:51,3,1,9
BRDA:51,3,2,1
BRDA:61,4,0,5
BRDA:61,4,1,3
BRDA:74,5,0,1
BRDA:74,5,1,7
BRDA:86,6,0,0
BRDA:86,6,1,0
BRDA:92,7,0,4
BRDA:92,7,1,0
BRDA:98,8,0,1
BRDA:98,8,1,0
BRDA:104,9,0,1
BRDA:104,9,1,0
BRF:21
BRH:16
end_of_record
TN:
SF:src/tools/list.ts
FN:9,listTools
FNF:1
FNH:1
FNDA:5,listTools
DA:9,1
DA:10,5
LF:2
LH:2
BRF:0
BRH:0
end_of_record
